<?xml version="1.0" encoding="UTF-8"?>
<testsuite xmlns:xsi="http://www.w3.org/2001/XMLSchema-instance" xsi:noNamespaceSchemaLocation="https://maven.apache.org/surefire/maven-surefire-plugin/xsd/surefire-test-report.xsd" name="com.qiujie.HrmApplicationTests" time="9.876" tests="36" errors="2" skipped="0" failures="0">
  <properties>
[...]
</properties>
  <testcase name="test13" classname="com.qiujie.HrmApplicationTests" time="1.078"/>
  <testcase name="test14" classname="com.qiujie.HrmApplicationTests" time="0.105"/>
  <testcase name="test15" classname="com.qiujie.HrmApplicationTests" time="0.007"/>
  <testcase name="test16" classname="com.qiujie.HrmApplicationTests" time="0.051"/>
  <testcase name="test17" classname="com.qiujie.HrmApplicationTests" time="0.006"/>
  <testcase name="test19" classname="com.qiujie.HrmApplicationTests" time="0.004"/>
  <testcase name="test22" classname="com.qiujie.HrmApplicationTests" time="0.013"/>
  <testcase name="test23" classname="com.qiujie.HrmApplicationTests" time="0.003"/>
  <testcase name="test24" classname="com.qiujie.HrmApplicationTests" time="0.004"/>
  <testcase name="test25" classname="com.qiujie.HrmApplicationTests" time="0.005"/>
  <testcase name="test26" classname="com.qiujie.HrmApplicationTests" time="0.011">
    <error message="C:\Users\asus\Desktop\员工考勤表.xlsx (系统找不到指定的路径。)" type="java.io.FileNotFoundException">java.io.FileNotFoundException: C:\Users\asus\Desktop\员工考勤表.xlsx (系统找不到指定的路径。)
	at com.qiujie.HrmApplicationTests.test26(HrmApplicationTests.java:284)
</error>
  </testcase>
  <testcase name="test27" classname="com.qiujie.HrmApplicationTests" time="0.015"/>
  <testcase name="test28" classname="com.qiujie.HrmApplicationTests" time="0.022"/>
  <testcase name="test29" classname="com.qiujie.HrmApplicationTests" time="0.017"/>
  <testcase name="test30" classname="com.qiujie.HrmApplicationTests" time="0.006"/>
  <testcase name="test31" classname="com.qiujie.HrmApplicationTests" time="0.01"/>
  <testcase name="test32" classname="com.qiujie.HrmApplicationTests" time="0.005"/>
  <testcase name="test33" classname="com.qiujie.HrmApplicationTests" time="0.012"/>
  <testcase name="test34" classname="com.qiujie.HrmApplicationTests" time="0.005"/>
  <testcase name="test35" classname="com.qiujie.HrmApplicationTests" time="0.005"/>
  <testcase name="test36" classname="com.qiujie.HrmApplicationTests" time="0.071"/>
  <testcase name="test37" classname="com.qiujie.HrmApplicationTests" time="0.004"/>
  <testcase name="test38" classname="com.qiujie.HrmApplicationTests" time="0.104"/>
  <testcase name="test39" classname="com.qiujie.HrmApplicationTests" time="0.698"/>
  <testcase name="test40" classname="com.qiujie.HrmApplicationTests" time="0.005">
    <error type="java.lang.IllegalArgumentException">java.lang.IllegalArgumentException
	at com.qiujie.HrmApplicationTests.test40(HrmApplicationTests.java:462)
</error>
  </testcase>
  <testcase name="test41" classname="com.qiujie.HrmApplicationTests" time="0.004"/>
  <testcase name="test43" classname="com.qiujie.HrmApplicationTests" time="0.01"/>
  <testcase name="test1" classname="com.qiujie.HrmApplicationTests" time="0.003"/>
  <testcase name="test2" classname="com.qiujie.HrmApplicationTests" time="0.006"/>
  <testcase name="test3" classname="com.qiujie.HrmApplicationTests" time="0.009"/>
  <testcase name="test4" classname="com.qiujie.HrmApplicationTests" time="0.007"/>
  <testcase name="test5" classname="com.qiujie.HrmApplicationTests" time="0.007"/>
  <testcase name="test6" classname="com.qiujie.HrmApplicationTests" time="0.028"/>
  <testcase name="test7" classname="com.qiujie.HrmApplicationTests" time="0.009"/>
  <testcase name="test8" classname="com.qiujie.HrmApplicationTests" time="0.012"/>
  <testcase name="test9" classname="com.qiujie.HrmApplicationTests" time="0.024"/>
</testsuite>